#
# There is insufficient memory for the Java Runtime Environment to continue.
# Native memory allocation (mmap) failed to map 132120576 bytes. Error detail: G1 virtual space
# Possible reasons:
#   The system is out of physical RAM or swap space
#   This process is running with CompressedOops enabled, and the Java Heap may be blocking the growth of the native heap
# Possible solutions:
#   Reduce memory load on the system
#   Increase physical memory or swap space
#   Check if swap backing store is full
#   Decrease Java heap size (-Xmx/-Xms)
#   Decrease number of Java threads
#   Decrease Java thread stack sizes (-Xss)
#   Set larger code cache with -XX:ReservedCodeCacheSize=
#   JVM is running with Unscaled Compressed Oops mode in which the Java heap is
#     placed in the first 4GB address space. The Java Heap base address is the
#     maximum limit for the native heap growth. Please use -XX:HeapBaseMinAddress
#     to set the Java Heap base and to place the Java Heap above 4GB virtual address.
# This output file may be truncated or incomplete.
#
#  Out of Memory Error (os_windows.cpp:3710), pid=25712, tid=16520
#
# JRE version:  (17.0.16+8) (build )
# Java VM: OpenJDK 64-Bit Server VM (17.0.16+8-LTS, mixed mode, sharing, tiered, compressed oops, compressed class ptrs, g1 gc, windows-amd64)
# No core dump will be written. Minidumps are not enabled by default on client versions of Windows
#

---------------  S U M M A R Y ------------

Command Line: org.jetbrains.kotlin.cli.jvm.K2JVMCompiler @D:\Myfirstproj\myfirstproject\node_modules\react-native-screens\android\build\20250920_7558281900297489809.compiler.options

Host: Intel(R) Core(TM) i5-8350U CPU @ 1.70GHz, 8 cores, 7G,  Windows 11 , 64 bit Build 26100 (10.0.26100.5074)
Time: Sat Sep 20 01:32:20 2025 Pakistan Standard Time elapsed time: 2.048913 seconds (0d 0h 0m 2s)

---------------  T H R E A D  ---------------

Current thread (0x000001fe36d1b110):  JavaThread "Unknown thread" [_thread_in_vm, id=16520, stack(0x0000009066d00000,0x0000009066e00000)]

Stack: [0x0000009066d00000,0x0000009066e00000]
Native frames: (J=compiled Java code, j=interpreted, Vv=VM code, C=native code)
V  [jvm.dll+0x68ee19]
V  [jvm.dll+0x846249]
V  [jvm.dll+0x847fb8]
V  [jvm.dll+0x848643]
V  [jvm.dll+0x24cf6f]
V  [jvm.dll+0x68bde9]
V  [jvm.dll+0x6803aa]
V  [jvm.dll+0x30ffc0]
V  [jvm.dll+0x30fe62]
V  [jvm.dll+0x3173b9]
V  [jvm.dll+0x3695e9]
V  [jvm.dll+0x36981d]
V  [jvm.dll+0x2e683a]
V  [jvm.dll+0x2e7748]
V  [jvm.dll+0x8186fe]
V  [jvm.dll+0x377251]
V  [jvm.dll+0x7f6d45]
V  [jvm.dll+0x3fd00b]
V  [jvm.dll+0x3fec41]
C  [jli.dll+0x52f0]
C  [ucrtbase.dll+0x37b0]
C  [KERNEL32.DLL+0x2e8d7]
C  [ntdll.dll+0x8d9c]


---------------  P R O C E S S  ---------------

Threads class SMR info:
_java_thread_list=0x00007ff8182f7018, length=0, elements={
}

Java Threads: ( => current thread )

Other Threads:
  0x000001fe36d78a10 GCTaskThread "GC Thread#0" [stack: 0x0000009066e00000,0x0000009066f00000] [id=6212]
  0x000001fe36d89520 ConcurrentGCThread "G1 Main Marker" [stack: 0x0000009066f00000,0x0000009067000000] [id=7436]
  0x000001fe36d8bc20 ConcurrentGCThread "G1 Conc#0" [stack: 0x0000009067000000,0x0000009067100000] [id=21184]

[error occurred during error reporting (printing all threads), id 0xc0000005, EXCEPTION_ACCESS_VIOLATION (0xc0000005) at pc=0x00007ff817aa7307]

VM state: not at safepoint (not fully initialized)

VM Mutex/Monitor currently owned by a thread:  ([mutex/lock_event])
[0x000001fe36d17db0] Heap_lock - owner thread: 0x000001fe36d1b110

Heap address: 0x0000000082200000, size: 2014 MB, Compressed Oops mode: 32-bit

CDS archive(s) mapped at: [0x0000000000000000-0x0000000000000000-0x0000000000000000), size 0, SharedBaseAddress: 0x0000000800000000, ArchiveRelocationMode: 1.
Narrow klass base: 0x0000000000000000, Narrow klass shift: 0, Narrow klass range: 0x0

GC Precious Log:
<Empty>

Heap:
 garbage-first heap   total 0K, used 0K [0x0000000082200000, 0x0000000100000000)
  region size 1024K, 0 young (0K), 0 survivors (0K)

[error occurred during error reporting (printing heap information), id 0xc0000005, EXCEPTION_ACCESS_VIOLATION (0xc0000005) at pc=0x00007ff817e98979]

GC Heap History (0 events):
No events

Dll operation events (1 events):
Event: 0.016 Loaded shared library C:\Program Files\Microsoft\jdk-17.0.16.8-hotspot\bin\java.dll

Deoptimization events (0 events):
No events

Classes loaded (0 events):
No events

Classes unloaded (0 events):
No events

Classes redefined (0 events):
No events

Internal exceptions (0 events):
No events

VM Operations (0 events):
No events

Memory protections (0 events):
No events

Nmethod flushes (0 events):
No events

Events (0 events):
No events


Dynamic libraries:
0x00007ff69a9a0000 - 0x00007ff69a9ae000 	C:\Program Files\Microsoft\jdk-17.0.16.8-hotspot\bin\java.exe
0x00007ff8ecd00000 - 0x00007ff8ecf69000 	C:\WINDOWS\SYSTEM32\ntdll.dll
0x00007ff8ebbb0000 - 0x00007ff8ebc79000 	C:\WINDOWS\System32\KERNEL32.DLL
0x00007ff8ea130000 - 0x00007ff8ea523000 	C:\WINDOWS\System32\KERNELBASE.dll
0x00007ff8ea810000 - 0x00007ff8ea95b000 	C:\WINDOWS\System32\ucrtbase.dll
0x00007ff89d640000 - 0x00007ff89d658000 	C:\Program Files\Microsoft\jdk-17.0.16.8-hotspot\bin\jli.dll
0x00007ff89d620000 - 0x00007ff89d63e000 	C:\Program Files\Microsoft\jdk-17.0.16.8-hotspot\bin\VCRUNTIME140.dll
0x00007ff8eab50000 - 0x00007ff8ead14000 	C:\WINDOWS\System32\USER32.dll
0x00007ff8ea530000 - 0x00007ff8ea557000 	C:\WINDOWS\System32\win32u.dll
0x00007ff8d2f60000 - 0x00007ff8d31f3000 	C:\WINDOWS\WinSxS\amd64_microsoft.windows.common-controls_6595b64144ccf1df_6.0.26100.5074_none_3e0d6f78e32fd63f\COMCTL32.dll
0x00007ff8eb0b0000 - 0x00007ff8eb0db000 	C:\WINDOWS\System32\GDI32.dll
0x00007ff8ea560000 - 0x00007ff8ea68d000 	C:\WINDOWS\System32\gdi32full.dll
0x00007ff8eb0e0000 - 0x00007ff8eb189000 	C:\WINDOWS\System32\msvcrt.dll
0x00007ff8e9e90000 - 0x00007ff8e9f33000 	C:\WINDOWS\System32\msvcp_win.dll
0x00007ff8eb190000 - 0x00007ff8eb1bf000 	C:\WINDOWS\System32\IMM32.DLL
0x00007ff8a1fd0000 - 0x00007ff8a1fdc000 	C:\Program Files\Microsoft\jdk-17.0.16.8-hotspot\bin\vcruntime140_1.dll
0x00007ff89ae30000 - 0x00007ff89aeb9000 	C:\Program Files\Microsoft\jdk-17.0.16.8-hotspot\bin\msvcp140.dll
0x00007ff8177b0000 - 0x00007ff81842a000 	C:\Program Files\Microsoft\jdk-17.0.16.8-hotspot\bin\server\jvm.dll
0x00007ff8eb390000 - 0x00007ff8eb444000 	C:\WINDOWS\System32\ADVAPI32.dll
0x00007ff8ec600000 - 0x00007ff8ec6a6000 	C:\WINDOWS\System32\sechost.dll
0x00007ff8ebc80000 - 0x00007ff8ebd98000 	C:\WINDOWS\System32\RPCRT4.dll
0x00007ff8eca30000 - 0x00007ff8ecaa4000 	C:\WINDOWS\System32\WS2_32.dll
0x00007ff8e9cf0000 - 0x00007ff8e9d4e000 	C:\WINDOWS\SYSTEM32\POWRPROF.dll
0x00007ff8d2c60000 - 0x00007ff8d2c95000 	C:\WINDOWS\SYSTEM32\WINMM.dll
0x00007ff8dfd30000 - 0x00007ff8dfd3b000 	C:\WINDOWS\SYSTEM32\VERSION.dll
0x00007ff8e9cd0000 - 0x00007ff8e9ce4000 	C:\WINDOWS\SYSTEM32\UMPDC.dll
0x00007ff8e8c30000 - 0x00007ff8e8c4b000 	C:\WINDOWS\SYSTEM32\kernel.appcore.dll
0x00007ff8a1d40000 - 0x00007ff8a1d4a000 	C:\Program Files\Microsoft\jdk-17.0.16.8-hotspot\bin\jimage.dll
0x00007ff8e4740000 - 0x00007ff8e4982000 	C:\WINDOWS\SYSTEM32\DBGHELP.DLL
0x00007ff8ec6b0000 - 0x00007ff8eca2b000 	C:\WINDOWS\System32\combase.dll
0x00007ff8ecb60000 - 0x00007ff8ecc37000 	C:\WINDOWS\System32\OLEAUT32.dll
0x00007ff8cfea0000 - 0x00007ff8cfedd000 	C:\WINDOWS\SYSTEM32\dbgcore.DLL
0x00007ff8ea090000 - 0x00007ff8ea129000 	C:\WINDOWS\System32\bcryptPrimitives.dll
0x00007ff89d5f0000 - 0x00007ff89d616000 	C:\Program Files\Microsoft\jdk-17.0.16.8-hotspot\bin\java.dll

dbghelp: loaded successfully - version: 4.0.5 - missing functions: none
symbol engine: initialized successfully - sym options: 0x614 - pdb path: .;C:\Program Files\Microsoft\jdk-17.0.16.8-hotspot\bin;C:\WINDOWS\SYSTEM32;C:\WINDOWS\WinSxS\amd64_microsoft.windows.common-controls_6595b64144ccf1df_6.0.26100.5074_none_3e0d6f78e32fd63f;C:\Program Files\Microsoft\jdk-17.0.16.8-hotspot\bin\server

VM Arguments:
java_command: org.jetbrains.kotlin.cli.jvm.K2JVMCompiler @D:\Myfirstproj\myfirstproject\node_modules\react-native-screens\android\build\20250920_7558281900297489809.compiler.options
java_class_path (initial): D:\GradleCache\caches\modules-2\files-2.1\org.jetbrains.kotlin\kotlin-compiler-embeddable\2.1.20\4ef56b3316798316bfac7a0ae443391c9e900ea1\kotlin-compiler-embeddable-2.1.20.jar;D:\GradleCache\caches\modules-2\files-2.1\org.jetbrains.kotlin\kotlin-stdlib\2.1.20\aa8ca79cd50578314f6d1180c47cbe14c0fee567\kotlin-stdlib-2.1.20.jar;D:\GradleCache\caches\modules-2\files-2.1\org.jetbrains.kotlin\kotlin-script-runtime\2.1.20\f7c623d7f7bdb01f5ccd6b437bc0a937fcd7c57e\kotlin-script-runtime-2.1.20.jar;D:\GradleCache\caches\modules-2\files-2.1\org.jetbrains.kotlin\kotlin-reflect\1.6.10\1cbe9c92c12a94eea200d23c2bbaedaf3daf5132\kotlin-reflect-1.6.10.jar;D:\GradleCache\caches\modules-2\files-2.1\org.jetbrains.kotlin\kotlin-daemon-embeddable\2.1.20\95670fce77befd02a70a0bc3abe8ee4533521334\kotlin-daemon-embeddable-2.1.20.jar;D:\GradleCache\caches\modules-2\files-2.1\org.jetbrains.intellij.deps\trove4j\1.0.20200330\3afb14d5f9ceb459d724e907a21145e8ff394f02\trove4j-1.0.20200330.jar;D:\GradleCache\caches\modules-2\files-2.1\org.jetbrains.kotlinx\kotlinx-coroutines-core-jvm\1.8.0\ac1dc37a30a93150b704022f8d895ee1bd3a36b3\kotlinx-coroutines-core-jvm-1.8.0.jar;D:\GradleCache\caches\modules-2\files-2.1\org.jetbrains\annotations\13.0\919f0dfe192fb4e063e7dacadee7f8bb9a2672a9\annotations-13.0.jar
Launcher Type: SUN_STANDARD

[Global flags]
     intx CICompilerCount                          = 4                                         {product} {ergonomic}
     uint ConcGCThreads                            = 2                                         {product} {ergonomic}
     uint G1ConcRefinementThreads                  = 8                                         {product} {ergonomic}
   size_t G1HeapRegionSize                         = 1048576                                   {product} {ergonomic}
    uintx GCDrainStackTargetSize                   = 64                                        {product} {ergonomic}
   size_t InitialHeapSize                          = 132120576                                 {product} {ergonomic}
   size_t MarkStackSize                            = 4194304                                   {product} {ergonomic}
   size_t MaxHeapSize                              = 2111832064                                {product} {ergonomic}
   size_t MinHeapDeltaBytes                        = 1048576                                   {product} {ergonomic}
   size_t MinHeapSize                              = 8388608                                   {product} {ergonomic}
    uintx NonNMethodCodeHeapSize                   = 5839372                                {pd product} {ergonomic}
    uintx NonProfiledCodeHeapSize                  = 122909434                              {pd product} {ergonomic}
    uintx ProfiledCodeHeapSize                     = 122909434                              {pd product} {ergonomic}
    uintx ReservedCodeCacheSize                    = 251658240                              {pd product} {ergonomic}
     bool SegmentedCodeCache                       = true                                      {product} {ergonomic}
   size_t SoftMaxHeapSize                          = 2111832064                             {manageable} {ergonomic}
     bool UseCompressedClassPointers               = true                           {product lp64_product} {ergonomic}
     bool UseCompressedOops                        = true                           {product lp64_product} {ergonomic}
     bool UseG1GC                                  = true                                      {product} {ergonomic}
     bool UseLargePagesIndividualAllocation        = false                                  {pd product} {ergonomic}

Logging:
Log output configuration:
 #0: stdout all=warning uptime,level,tags
 #1: stderr all=off uptime,level,tags

Environment Variables:
JAVA_HOME=C:\Program Files\Microsoft\jdk-17.0.16.8-hotspot\
PATH=D:\Myfirstproj\myfirstproject\node_modules\.bin;D:\Myfirstproj\myfirstproject\node_modules\.bin;D:\Myfirstproj\node_modules\.bin;D:\node_modules\.bin;C:\Program Files\nodejs\node_modules\npm\node_modules\@npmcli\run-script\lib\node-gyp-bin;C:\Program Files\Microsoft\jdk-17.0.16.8-hotspot\bin;C:\WINDOWS\system32;C:\WINDOWS;C:\WINDOWS\System32\Wbem;C:\WINDOWS\System32\WindowsPowerShell\v1.0\;C:\WINDOWS\System32\OpenSSH\;C:\Program Files\dotnet\;C:\Program Files (x86)\Intel\Intel(R) Management Engine Components\DAL;C:\Program Files\Intel\Intel(R) Management Engine Components\DAL;C:\Program Files\Git\cmd;C:\ProgramData\chocolatey\bin;C:\Program Files\nodejs\;D:\Android\Sdk\platform-tools;D:\Android\Sdk\emulator;C:\Users\Dell\AppData\Local\Microsoft\WindowsApps;;C:\Users\Dell\AppData\Local\Programs\Microsoft VS Code\bin;C:\Users\Dell\AppData\Roaming\npm
USERNAME=Dell
OS=Windows_NT
PROCESSOR_IDENTIFIER=Intel64 Family 6 Model 142 Stepping 10, GenuineIntel
TMP=C:\Users\Dell\AppData\Local\Temp
TEMP=C:\Users\Dell\AppData\Local\Temp



Periodic native trim disabled


---------------  S Y S T E M  ---------------

OS:
 Windows 11 , 64 bit Build 26100 (10.0.26100.5074)
OS uptime: 7 days 4:56 hours
Hyper-V role detected

CPU: total 8 (initial active 8) (4 cores per cpu, 2 threads per core) family 6 model 142 stepping 10 microcode 0xf4, cx8, cmov, fxsr, ht, mmx, 3dnowpref, sse, sse2, sse3, ssse3, sse4.1, sse4.2, popcnt, lzcnt, tsc, tscinvbit, avx, avx2, aes, erms, clmul, bmi1, bmi2, rtm, adx, fma, vzeroupper, clflush, clflushopt, hv
Processor Information for processor 0
  Max Mhz: 1896, Current Mhz: 1496, Mhz Limit: 1687
Processor Information for processor 1
  Max Mhz: 1896, Current Mhz: 1496, Mhz Limit: 1687
Processor Information for processor 2
  Max Mhz: 1896, Current Mhz: 1496, Mhz Limit: 1687
Processor Information for processor 3
  Max Mhz: 1896, Current Mhz: 1696, Mhz Limit: 1687
Processor Information for processor 4
  Max Mhz: 1896, Current Mhz: 1496, Mhz Limit: 1687
Processor Information for processor 5
  Max Mhz: 1896, Current Mhz: 1496, Mhz Limit: 1687
Processor Information for processor 6
  Max Mhz: 1896, Current Mhz: 1496, Mhz Limit: 1687
Processor Information for processor 7
  Max Mhz: 1896, Current Mhz: 1496, Mhz Limit: 1687

Memory: 4k page, system-wide physical 8050M (401M free)
TotalPageFile size 23312M (AvailPageFile size 7M)
current process WorkingSet (physical memory assigned to process): 12M, peak: 12M
current process commit charge ("private bytes"): 60M, peak: 186M

vm_info: OpenJDK 64-Bit Server VM (17.0.16+8-LTS) for windows-amd64 JRE (17.0.16+8-LTS), built on Jul 10 2025 00:24:24 by "MicrosoftCorporation" with unknown MS VC++:1944

END.
